sample,likelihood,posterior,coal_rate_1,coal_rate_2,coal_rate_3,backward_migration_rate_2_1,backward_migration_rate_3_1,backward_migration_rate_1_2,backward_migration_rate_3_2,backward_migration_rate_1_3,backward_migration_rate_2_3,st_radius
0,-23.50669,-14.95492,0.3531065,0.7560627,2.113898,0.1884049,0.0283569,0.008439662,0.003809131,0.02129898,0.0202835,0.7721489
100,-24.75491,-12.6001,0.2465856,0.3859917,2.768565,0.01994707,0.004102013,0.001967706,0.003348904,0.06458258,0.05395133,4.373143
200,-25.16469,-9.973799,0.496609,0.8341346,0.923591,0.01389314,0.001906972,0.006967216,0.001025384,0.04051875,0.0419517,5.692811
300,-27.03622,-14.88091,0.5798948,0.3712707,0.1108762,0.01477849,0.01058192,0.01171652,0.03553362,0.07870058,0.1079496,4.787903
400,-23.4336,-11.07723,0.516336,0.6490787,0.338062,0.06718143,0.02525873,0.02606901,0.01181903,0.07921776,0.02232221,5.378007
500,-26.12926,-14.49089,0.3569984,0.5630808,0.5072313,0.007462368,0.01271027,0.01546162,0.01153856,0.09992095,0.1111612,5.475519
600,-26.1942,-15.99352,0.43438,0.6907072,0.06202991,0.02753288,0.1028935,0.02703233,0.1141781,0.007535367,0.03609333,5.737727
700,-26.94882,-16.98461,0.6688077,0.4255031,0.5533075,0.009339355,0.002851492,0.1353112,0.08135622,0.007508814,0.06446775,8.810602
800,-26.4358,-14.06652,0.8453815,0.4897966,0.2797244,0.005981021,0.07826963,0.05685396,0.07053244,0.004445655,0.01007082,6.903923
900,-40.82535,-28.66441,0.2454038,1.319164,0.2780892,0.02310784,0.09164656,0.06658588,0.007325817,0.01573783,0.01750891,5.864491
1000,-25.76548,-15.2351,0.9354315,0.6317854,0.2857054,0.004105707,0.04804181,0.05172496,0.005700241,0.159332,0.004207461,5.297269
1100,-31.9128,-21.5783,1.230835,0.3437547,0.8674439,0.04586342,0.02180906,0.05014581,0.004517708,0.0193019,0.1096327,5.533542
1200,-26.30468,-10.8428,0.1844229,0.7705967,0.2399164,0.01901172,0.02068443,0.02115253,0.01500691,0.0435825,0.02867807,5.09559
1300,-23.96638,-13.43088,0.1333855,0.3408546,1.698789,0.1229627,0.01347681,0.01196524,0.03469467,0.06505035,0.009558089,5.574442
1400,-25.25407,-13.83571,0.2651857,0.794767,0.8508596,0.05875638,0.03671935,0.0155805,0.03453101,0.02771151,0.06890826,5.13899
1500,-26.43633,-13.56343,0.5932013,0.4702481,1.064047,0.004968307,0.03364425,0.09058741,0.02282807,0.03252,0.001233622,7.420523
1600,-30.6516,-18.14279,0.4439608,0.3497891,0.217151,0.0684817,0.04981304,0.07030452,0.01361081,0.01803934,0.03024065,6.314632
1700,-23.74786,-12.28565,0.7593851,0.6275525,0.3488936,0.05657207,0.01126108,0.06792246,0.005499129,0.07971784,0.02817639,5.939529
1800,-25.84336,-9.637028,0.4688772,0.4732275,0.4477956,0.02668236,0.007744634,0.01702657,0.009844938,0.03179934,0.02213654,5.237222
1900,-22.48602,-8.649855,0.4423226,0.7995641,1.856837,0.05546502,0.004108208,0.004093061,0.01035813,0.02801041,0.006966717,5.232417
2000,-23.42454,-14.66806,0.2458869,1.059418,1.345077,0.04051171,0.05670403,0.01203979,0.04551248,0.1226807,0.01392356,5.248445
2100,-24.16485,-14.17093,0.1087268,0.3145475,3.48334,0.05343569,0.03955007,0.008550516,0.03220323,0.02745995,0.03113099,5.286606
2200,-26.38437,-10.87501,0.4814385,0.3291205,0.8960464,0.04608123,0.01340501,0.009861713,0.001718852,0.04443664,0.006744543,5.302667
2300,-24.7103,-12.70194,0.4464754,0.5713417,0.6516911,0.004381472,0.001984549,0.08198704,0.04113586,0.03601618,0.06948909,4.85435
2400,-24.85789,-12.30182,0.3196547,0.6244633,1.136821,0.02550909,0.02633312,0.03296956,0.01618297,0.08779522,0.009251783,4.615065
2500,-26.90218,-13.9956,0.7020699,0.4955426,1.229291,0.03432205,0.005550042,0.03086266,0.03093724,0.04431843,0.024467,4.954772
2600,-59.38761,-46.33771,0.3976711,0.65484,0.007471037,0.009111542,0.0006260231,0.02372727,0.07819639,0.06164567,0.05769382,5.520552
2700,-29.90362,-15.01861,0.9428074,0.7051528,0.116619,0.007590078,0.02832918,0.01621389,0.009975456,0.01505983,0.06211081,7.18474
2800,-31.97565,-16.29706,0.1076782,0.1567637,1.086855,0.001313271,0.05043633,0.00628564,0.04782372,0.02130789,0.006634664,7.051389
2900,-21.65072,-15.21033,0.2756811,0.6841675,1.811655,0.004177655,0.05658619,0.07457717,0.07799447,0.08772757,0.05796073,6.167536
3000,-30.39581,-22.33714,0.0596157,0.5274714,2.177147,0.001148425,0.04385314,0.08940456,0.02805227,0.04856057,0.09705246,5.750916
3100,-26.60883,-10.92057,0.1567522,0.8797634,0.1760287,0.00775467,0.01520451,0.02352053,0.00461647,0.07157452,0.0174312,5.816534
3200,-27.45882,-16.20803,0.6407499,1.511148,1.468433,0.03119258,0.01991476,0.008786588,0.03241868,0.01922935,0.05457792,5.9374
3300,-24.54477,-13.83143,0.2417385,0.4415153,1.035472,0.05643456,0.05065154,0.002215008,0.01188052,0.1152046,0.03731598,5.537525
3400,-33.77065,-20.53535,0.3925371,0.306741,0.4581439,0.05015165,0.01970918,0.06539336,0.00626043,0.04984643,0.02912264,5.396837
3500,-30.63119,-20.30673,0.2770956,0.5130182,0.4784615,0.08645158,0.02032942,0.06498677,0.009427699,0.001653487,0.1246144,4.964389
3600,-30.51383,-20.71573,0.6930891,0.7539213,0.3267698,0.005672182,0.0851678,0.07411224,0.04395986,0.003096711,0.08808427,4.982812
3700,-26.65862,-11.97948,0.3583085,0.5254541,0.8150114,0.006962273,0.04449024,0.06252209,0.001695915,0.02629287,0.006975152,5.401455
3800,-23.82218,-11.83903,0.4165775,1.017507,0.5198647,0.001237182,0.001573127,0.01383339,0.03220489,0.1206273,0.05277351,5.304096
3900,-30.11193,-23.89069,0.5706328,0.4730732,0.03564441,0.04335691,0.08753946,0.02197054,0.05299685,0.2256682,0.01501091,6.010678
4000,-28.1622,-15.72477,0.2908672,0.3845263,1.528415,0.00308505,0.01923666,0.02918688,0.003058883,0.1299703,0.01141406,6.105099
4100,-24.60633,-10.18309,0.3610032,0.9694513,0.9126226,0.03298576,0.01246016,0.01037907,0.006527692,0.06438412,0.004396365,5.66846
4200,-24.74374,-14.96973,0.2579078,0.6738911,0.4953148,0.02125845,0.03688014,0.07015676,0.1331389,0.04845812,0.007471092,5.416797
4300,-26.90833,-16.31789,0.9504909,0.6823119,1.421631,0.03236687,0.01802537,0.01761878,0.07633259,0.06319144,0.006462854,5.515546
4400,-22.89617,-14.88825,0.2964178,0.7267028,1.606326,0.01185567,0.01798066,0.05207238,0.04453843,0.1636041,0.026047,5.479193
4500,-26.32527,-16.94886,0.3843675,0.7295853,0.348026,0.004445693,0.05566985,0.0952775,0.1256994,0.04601065,0.001203969,5.457018
4600,-26.11798,-12.29393,0.3484665,0.7700255,0.03783454,0.04015561,0.05061116,0.01209554,0.01679712,0.006561657,0.07565205,6.261613
4700,-26.73173,-12.62495,0.1024675,0.9100141,0.5429111,0.001184998,0.01498955,0.04062296,0.06259594,0.04840366,0.006111826,6.420094
4800,-33.08683,-20.62953,0.5841182,0.4702003,0.05990142,0.05345989,0.03061388,0.1065636,0.01410578,0.03063597,0.011824,6.468675
4900,-34.26305,-24.53557,0.4511347,0.1807063,0.6720306,0.03881585,0.03417166,0.1641815,0.01965836,0.06575836,0.002120892,7.089057
5000,-30.53665,-17.55831,0.411313,0.9935131,0.8462087,0.0456161,0.02497598,0.03186764,0.05635625,0.006703954,0.01103705,6.534599
5100,-23.2171,-12.47507,0.7624104,0.8874525,1.187252,0.004000295,0.000391903,0.09765812,0.06002524,0.03617792,0.02128673,6.528818
5200,-35.34325,-25.16917,0.9388299,1.262577,0.3650757,0.01671794,0.01400561,0.002232865,0.142047,0.01983359,0.05559313,6.012953
5300,-31.08174,-15.75979,1.407143,0.7652251,0.3643297,0.00201907,0.005699866,0.004516076,0.0300168,0.01772343,0.02868837,5.776833
5400,-29.7743,-15.43374,0.5352964,0.788225,2.012359,0.03813384,0.005125964,0.004576796,0.008661524,0.01054132,0.01468048,5.817789
5500,-31.6816,-16.24131,0.7359034,0.2272037,0.1265657,0.05042902,0.007406567,0.02670122,0.02327113,0.03902253,0.006982451,5.877712
5600,-27.2892,-14.93247,0.6275451,0.9050421,0.3699624,0.01474434,0.02087399,0.005919037,0.02271162,0.1167767,0.03182901,5.732115
5700,-29.94802,-20.48932,0.5109559,1.066161,0.8847608,0.02793024,0.03124718,0.009205954,0.06374089,0.09942565,0.04653809,5.556951
5800,-25.49092,-9.193072,0.2460789,0.6857611,0.8085981,0.0186673,0.004219611,0.009587439,0.0240099,0.03254492,0.006613225,5.448104
5900,-30.89541,-22.79384,0.3938036,0.6996745,0.1040325,0.009754497,0.06067646,0.06148819,0.03212119,0.1582283,0.05904297,5.604643
6000,-26.96115,-13.87943,0.5716255,0.5990951,0.2150422,0.04322278,0.07929653,0.03512024,0.01142088,0.01533428,0.03008511,5.883043
6100,-25.68434,-9.234397,0.2561497,0.6785979,0.04509954,0.04372512,0.03802915,0.004720146,0.01165066,0.01812323,0.01078855,7.164054
6200,-26.12519,-12.39904,0.4274225,0.4748909,0.4820404,0.0375442,0.07026377,0.0006688711,0.01548539,0.03459345,0.0355631,8.3051
6300,-30.87902,-20.66599,0.3836129,0.8151801,1.019868,0.02588386,0.0172418,0.03126048,0.0660949,0.07202818,0.05324785,7.63012
6400,-23.97438,-13.31436,0.4712032,1.054242,2.622999,0.04148563,0.01197488,0.001526634,0.05909508,0.04378454,0.001834256,6.8861
6500,-28.15366,-13.06086,0.4781893,0.5061865,0.5205829,0.009624049,0.00100526,0.02321089,0.01725934,0.02677827,0.06717659,6.26337
6600,-25.77969,-13.16189,0.215004,0.9094119,0.3152811,0.03171662,0.01482903,0.03596124,0.01203557,0.1245279,0.007547301,5.915256
6700,-24.10009,-14.6148,1.082927,0.8444213,0.5779784,0.0150712,0.03694626,0.07205686,0.004707364,0.08957978,0.05681505,5.634147
6800,-32.22799,-18.7311,0.1749288,1.48819,0.2988396,0.01377086,0.01050769,0.003118964,0.03645283,0.01804477,0.09198848,5.413782
6900,-26.0997,-12.20953,0.359041,0.3487912,0.2532616,0.004215545,0.03093873,0.05948522,0.01241977,0.08842632,0.01358779,5.310665
7000,-21.80598,-9.799479,0.201144,0.7326902,1.624863,0.07290532,0.0158244,0.007287636,0.01274067,0.07084772,0.01310856,5.397216
7100,-23.46506,-9.559697,0.4660121,1.148369,0.6883502,0.03657436,0.03787802,0.006787959,0.003268011,0.05243915,0.007761778,5.350542
7200,-31.76587,-24.0661,0.2804593,0.8663476,0.08190989,0.0623427,0.02664743,0.003509278,0.04887868,0.1719903,0.07919397,5.369542
7300,-26.04312,-14.02869,0.2020003,0.5184375,1.164951,0.0273555,0.005797507,0.09290953,0.006925779,0.08417524,0.007358747,5.398812
7400,-28.96456,-15.85164,1.794483,0.3639557,1.119584,0.003578563,0.0008668961,0.02811549,0.008930803,0.04197636,0.0399224,5.343154
7500,-23.86604,-13.3299,1.194549,0.6360255,0.6492479,0.05216555,0.0008382676,0.003001525,0.0008673909,0.1216946,0.06451192,5.111719
7600,-29.90826,-20.74149,0.548266,0.8816174,0.4765376,0.004958996,0.008264133,0.04104402,0.05185711,0.1874495,0.0202165,5.247745
7700,-25.55325,-12.95501,0.9352379,0.4856962,0.3502609,0.008685834,0.06031403,0.01440369,0.0006941025,0.05634249,0.07101317,5.162677
7800,-24.32066,-14.74414,0.7090843,1.048524,0.9201937,0.004488531,0.03836039,0.09058678,0.03422607,0.04735668,0.04905369,5.253045
7900,-29.75685,-16.3362,0.6541767,0.5942211,0.2711483,0.01835103,0.01443047,0.02156685,0.0771438,0.003244319,0.0626295,5.503414
8000,-24.33448,-12.00858,0.2780781,0.8472168,1.296954,0.006254601,0.03715295,0.0164992,0.07514651,0.03634106,0.01769185,5.47281
8100,-26.25092,-11.85067,0.263164,0.5551501,1.212279,0.03264705,0.008373026,0.02116027,0.04023079,0.01386357,0.02570464,5.281282
8200,-24.51242,-10.08985,0.3212842,1.017759,0.8782845,0.01902231,0.06299099,0.005053861,0.02072145,0.01196126,0.01263058,5.625691
8300,-27.94032,-16.14672,0.4961347,0.7246137,0.4547174,0.04101922,0.04904403,0.07096948,0.04267722,0.02778851,0.01001978,5.932345
8400,-26.23506,-15.60521,0.6811009,0.4722713,0.3743836,0.0222973,0.00712148,0.05269364,0.005833483,0.07586996,0.121626,5.694303
8500,-26.33362,-15.62878,0.340796,0.6790536,0.115828,0.04415174,0.06622778,0.03617792,0.05138659,0.02204187,0.08174742,6.431335
8600,-24.70834,-7.865331,0.2014754,0.3688326,0.8806049,0.03464821,0.04092471,0.0002369004,0.002088151,0.01378864,0.0004604335,6.24478
8700,-26.50984,-13.58025,0.2878773,0.5012072,1.039111,0.05370073,0.01733566,0.01460818,0.02986578,0.03381512,0.0489103,6.956101
8800,-25.01608,-12.72179,0.4661425,0.9914177,0.7167453,0.02371241,0.02210182,0.03989046,0.0008784586,0.09740998,0.01790109,6.430955
8900,-26.30025,-15.28194,1.023571,0.6129302,0.1885872,0.01202987,0.02625786,0.01006461,0.06325793,0.1137319,0.03362806,6.019469
9000,-31.66453,-18.3332,0.1876466,0.5639147,0.1327124,0.02312595,0.08871812,0.03555478,0.01606308,0.06647467,0.0005093988,6.610099
9100,-26.527,-18.50083,0.6665063,0.3595714,0.9078976,0.02492805,0.1364163,0.01829339,0.01701479,0.1271554,0.02482655,6.347962
9200,-28.06471,-16.64999,0.2547202,0.7876194,0.09314542,0.09806591,0.00713712,0.02091182,0.02140788,0.1291895,0.002527508,6.687705
9300,-23.84088,-15.62196,0.5958846,0.7361754,0.3350808,0.02723751,0.05978881,0.02342343,0.2052926,0.03553598,0.003951629,6.958543
9400,-27.12121,-18.1919,0.2271093,0.781108,0.6531131,0.1028952,0.009835685,0.03073177,0.05605003,0.1248458,0.008629163,6.445158
9500,-25.4368,-12.54361,0.3382877,1.15735,0.1841901,0.0285711,0.008138558,0.02988279,0.04919273,0.07468708,0.01598174,6.061723
9600,-28.48673,-18.28303,0.4273255,0.3588269,0.1504139,0.08163007,0.01812061,0.005943707,0.07677771,0.04984652,0.09478141,6.180128
9700,-28.79993,-15.24319,0.4176333,0.4836912,0.07318242,0.05703585,0.04589265,0.01726269,0.05258672,0.007926551,0.03829981,5.866199
9800,-29.57803,-18.57936,0.2178299,1.006894,0.4402144,0.06530129,0.01105942,0.03154267,0.1183248,0.01706941,0.02392095,6.730111
9900,-24.95135,-11.91586,0.2047982,0.507217,1.302011,0.02027323,0.01192723,0.03959742,0.04119219,0.0480589,0.02498141,6.489215
10000,-27.09489,-13.12646,0.26161,0.4525688,0.7275311,0.01290596,0.01466915,0.04587983,0.001197662,0.09886445,0.01019057,6.025535