sample,likelihood,posterior,coal_rate_1,coal_rate_2,coal_rate_3,backward_migration_rate_2_1,backward_migration_rate_3_1,backward_migration_rate_1_2,backward_migration_rate_3_2,backward_migration_rate_1_3,backward_migration_rate_2_3,st_radius
0,-28.36991,-17.39896,1.137551,0.1855492,1.843105,0.06334137,0.002023831,0.02970323,0.01640369,0.05036196,0.03477982,4.126102
100,-32.18479,-17.90281,1.515396,0.4095298,1.235792,0.02240142,0.01010615,0.01363368,0.009728592,0.02492061,0.01112704,24.84081
200,-31.50767,-17.25477,0.6680921,0.3333752,1.013152,0.05063322,0.001654342,0.01354211,0.01820209,0.04479302,0.01858626,23.64271
300,-41.297,-28.63004,0.682385,0.1188732,0.716451,0.04370594,0.02620151,0.0148032,0.07229513,0.02408812,0.04025082,18.43697
400,-37.642,-23.55245,0.8731551,0.1993204,0.3068727,0.06385395,0.02694635,0.0186561,0.04995389,0.009238207,0.01418921,19.20123
500,-55.94821,-41.95963,0.7891852,0.1602337,0.1225092,0.04749682,0.0539624,0.01923122,0.002848078,0.05768314,0.01945442,16.60336
600,-43.08772,-30.30004,1.497751,0.06161787,1.35795,0.01256014,0.03960318,0.009768576,0.06442026,0.004712006,0.01981134,25.16234
700,-45.22074,-35.42441,0.4016416,0.07164999,0.6969272,0.05176182,0.124128,0.0405065,0.08922279,0.005395511,0.01787343,36.72758
800,-33.31834,-18.89227,0.1342018,0.09178894,2.283246,0.02263285,0.0003571811,0.001545646,0.02041086,0.04262499,0.0307987,32.29519
900,-39.74804,-24.00774,0.5924935,0.3325655,0.03447857,0.01284276,0.007090192,0.02869549,0.01003981,0.06455416,0.02727666,44.01029
1000,-43.20403,-36.48309,1.060113,0.1909633,3.071192,0.03046834,0.1257705,0.01357448,0.07811529,0.01082699,0.01753508,55.2245
1100,-45.01623,-36.17918,0.1924259,0.1288516,2.754076,0.07289399,0.07250655,0.006373981,0.09024192,0.02318774,0.003379027,42.50131
1200,-49.9715,-39.26983,0.6327095,0.3397743,2.484348,0.0336361,0.01367465,0.01182828,0.03284341,0.04572307,0.05360627,32.64445
1300,-36.50767,-27.06892,1.066401,0.5895721,2.3893,0.01573556,0.01213874,0.05553464,0.04758885,0.06932785,0.003001381,29.79365
1400,-31.35224,-19.84937,0.9822339,0.3401307,1.810721,0.008629603,0.07561214,0.0001379649,0.04570492,0.003877587,0.04736693,28.16756
1500,-33.34641,-18.89517,0.486423,0.2548092,0.436494,0.05239702,0.06471586,0.005693519,0.02231682,0.01702969,0.01881985,25.70085
1600,-66.79268,-57.77639,1.967669,0.986006,0.1090664,0.0295668,0.02459189,0.00142749,0.1852447,0.01688201,0.005789161,23.5563
1700,-41.69587,-27.64982,0.3026422,0.3691991,0.3802718,0.05953964,0.02601915,0.004900319,0.05049525,0.0120802,0.04676321,22.2756
1800,-31.72051,-16.64927,0.8828501,0.3769763,0.8822771,0.06978808,0.01716715,0.001439157,0.009324946,0.0002157521,0.01746494,20.16183
1900,-51.65459,-38.09601,0.2341361,0.1702068,1.888833,0.02695508,0.0202603,0.0175619,0.03304396,0.01377234,0.04456349,18.26058
2000,-52.95522,-40.84509,0.3259739,0.4708799,0.3020091,0.1069878,0.04185737,0.01980255,0.03511659,0.04228065,0.01289448,19.19746
2100,-47.78682,-32.57267,0.1997719,0.6989443,0.2593223,0.04810694,0.03001783,0.01263639,0.02807617,0.03229521,0.006593537,16.62481
2200,-53.38154,-41.14325,0.5137833,0.3110044,0.3431067,0.07744582,0.007563461,0.03203043,0.05235428,0.0162902,0.06590581,15.10525
2300,-38.59125,-26.76604,0.3652782,0.1069288,2.51216,0.04558982,0.07292001,0.002872566,0.04390993,0.0075364,0.005363845,16.75231
2400,-44.45841,-32.82983,0.9788935,0.3433191,0.8451776,0.04937469,0.05223094,0.008425387,0.02975914,0.01081971,0.07271625,14.67337
2500,-42.34698,-28.76149,0.3483581,0.04172206,0.4950245,0.0562566,0.009399395,0.06459766,0.04531264,0.02200756,0.02477578,18.36611
2600,-41.71029,-29.462,1.30599,0.070003,0.7713964,0.04073353,0.07895901,0.03198721,0.01972836,0.01602887,0.01719706,22.82141
2700,-37.14238,-20.43916,0.4731006,0.1214224,0.7260779,0.03440865,0.02242592,0.003337301,0.01301019,0.01090738,0.01869373,24.11241
2800,-29.31309,-12.52693,0.5519728,0.4081967,0.649648,0.02382716,0.02340894,0.00576682,0.01487964,0.001800203,0.01669983,24.6536
2900,-45.43502,-34.46748,1.522443,0.1822922,1.222186,0.06386543,0.008200811,0.01986543,0.07284719,0.01192566,0.0314113,23.60866
3000,-47.08852,-31.851,0.8827107,0.07372601,0.5638887,0.04350652,0.006010116,0.01416868,0.01195366,0.0163692,0.04772659,25.49003
3100,-50.55542,-36.33374,0.2913671,0.2817161,0.1820757,0.0523848,0.02386495,0.02914334,0.04500001,0.004768444,0.05320866,27.01793
3200,-47.63625,-33.56082,0.5086979,0.1785714,0.4498986,0.007862102,0.09722995,0.04011872,0.02659136,0.0006817596,0.0223327,25.27576
3300,-48.111,-39.97053,2.703231,0.2854436,1.10635,0.04386653,0.02836379,0.0470635,0.02143534,0.06404049,0.03734308,23.39427
3400,-60.87162,-49.56798,0.4204808,0.3387067,0.770675,0.004254408,0.03643936,0.02674309,0.044327,0.05960479,0.09261384,22.90818
3500,-55.43611,-42.9969,0.009863918,0.185207,0.8552803,0.01146639,0.08707502,0.06596189,0.00340295,0.0005872125,0.08232429,19.73987
3600,-46.20908,-40.55258,0.1426975,0.2568528,6.496913,0.01419734,0.022025,0.0384992,0.005744226,0.004193376,0.102803,20.65964
3700,-67.31611,-52.84237,0.1861135,0.2491443,0.7797935,0.05816202,0.01772332,0.03647441,0.02163435,0.003469039,0.04101875,20.91292
3800,-57.87469,-50.98034,0.3286523,0.2379926,2.010468,0.05714045,0.07352281,0.04140102,0.1156085,0.01701938,0.04919741,20.25062
3900,-64.99803,-52.27374,0.516165,0.1182389,0.2948362,0.03252603,0.08539063,0.08221698,0.003622546,0.00279463,0.0409968,19.34935
4000,-63.76358,-56.00165,0.4066075,0.1257871,0.7612447,0.02964861,0.1521223,0.06756424,0.007749868,0.01237582,0.1180398,16.82702
4100,-62.36591,-55.65312,1.273845,0.1957191,1.893829,0.01899239,0.1623951,0.04042516,0.00194348,0.002700744,0.09574925,14.8873
4200,-69.64236,-56.44885,0.2002541,0.1721217,0.5826843,0.02184107,0.045653,0.109306,0.0264313,0.006981879,0.02123107,13.71842
4300,-56.48929,-51.96714,1.867349,0.2642034,0.7635509,0.03181221,0.06833763,0.1257589,0.007604298,0.08875685,0.09167575,13.18283
4400,-59.44874,-47.82146,1.176641,0.09504575,0.8087973,0.07401837,0.05997729,0.03672186,0.004220507,0.00885754,0.0437099,13.01768
4500,-69.53032,-57.67476,0.5515437,0.3514215,1.584615,0.03715903,0.06461,0.04661909,0.02311895,0.005656674,0.02372157,13.69679
4600,-60.01772,-51.55073,1.387191,0.4717249,0.9721941,0.04651847,0.0690623,0.1163384,0.009026241,0.02395108,0.0270474,12.9205
4700,-50.97793,-41.65923,0.4630603,0.3627322,0.8809554,0.02134994,0.1631856,0.06831891,0.03135597,0.003025079,0.03124619,12.48859
4800,-77.3156,-61.3499,0.2546566,0.1461041,0.6138113,0.006746833,0.04283209,0.05395443,0.0008227263,0.02631386,0.01006362,11.18181
4900,-65.82527,-51.79785,0.258466,0.2611047,0.2665588,0.00215219,0.06255773,0.09229205,0.008423122,0.02537984,0.02224842,10.36822
5000,-66.98961,-56.42314,0.373106,0.08170769,0.2657342,0.005978578,0.1443682,0.05782571,0.0164743,0.02157085,0.07966852,9.461783
5100,-71.79787,-61.94575,0.768665,0.4779225,0.2014647,0.002136946,0.02166049,0.1205615,0.04732243,0.02820693,0.09400211,8.608125
5200,-57.49676,-46.1029,0.7005761,0.4620734,0.2793549,0.007762095,0.03577321,0.06836175,0.04446183,0.06075792,0.04818925,8.692202
5300,-32.89688,-18.07874,0.9145844,0.5333895,0.1848351,0.0429515,0.004888254,0.01727093,0.02087657,0.04377957,0.01790627,10.70997
5400,-46.39085,-35.22273,0.7880635,0.4712008,0.4776179,0.1123293,0.02221507,0.004174198,0.02697285,0.07949773,0.01323202,11.89909
5500,-44.58453,-31.25962,0.8209917,0.1610169,0.9590353,0.04502839,0.01408837,0.00464669,0.06119628,0.03924728,0.01612389,11.52169
5600,-52.86019,-37.90675,0.2472109,0.2081242,0.5842828,0.04890513,0.01655333,0.02842465,0.01090403,0.04763243,0.01920972,11.72464
5700,-47.09997,-35.72848,2.424043,0.1787167,1.397235,0.01364086,0.001652834,0.006182776,0.04544237,0.06818112,0.009115957,12.29241
5800,-42.98884,-31.57179,2.711284,0.1859249,0.1118206,0.05430514,0.003902228,0.09024906,0.004491383,0.0228796,0.01412955,13.62181
5900,-54.40113,-45.71254,1.562248,0.2074259,0.1714984,0.03949373,0.02667209,0.0980802,0.02920665,0.07489777,0.05894322,15.52187
6000,-76.40158,-69.40358,0.2266181,0.4984941,0.2487743,0.005353675,0.03716423,0.1104304,0.1135016,0.04046544,0.1200266,15.57166
6100,-76.64291,-66.06652,0.1565057,0.3662475,0.105982,0.007068762,0.05228836,0.1197469,0.049311,0.002435116,0.09909351,14.28578
6200,-55.02381,-50.93448,0.04425094,0.41701,0.1015086,0.03510795,0.05058556,0.2320672,0.008360751,0.06119179,0.1514074,12.90299
6300,-65.84461,-55.00845,0.2484482,0.6502426,0.2394589,0.005484997,0.01451398,0.2106714,0.004182485,0.004549549,0.05805065,11.86256
6400,-68.97264,-61.16555,0.313598,0.5888677,0.2022365,0.03354734,0.09547987,0.1201585,0.009526508,0.002121612,0.1342312,10.80592
6500,-63.1606,-49.02959,0.2650081,0.5813201,0.01959313,0.01851448,0.03615607,0.05349401,0.01288731,0.0230468,0.06187181,11.43537
6600,-41.96421,-27.89501,0.5212115,0.3550944,0.2913143,0.02375727,0.01166524,0.0256477,0.04305124,0.03039479,0.05904803,12.51684
6700,-49.57866,-37.25537,0.3500262,0.2945575,0.803865,0.05965761,0.02917137,0.002140247,0.04823623,0.06747755,0.02885381,13.08594
6800,-31.69383,-20.56987,1.493512,0.3354352,2.598409,0.0282072,0.07029201,0.008018802,0.01049841,0.006588824,0.008108233,13.60329
6900,-32.43626,-20.75002,1.282742,0.2345771,0.8244275,0.00966689,0.01970179,0.009983328,0.02004115,0.1271065,0.02669649,14.93025
7000,-41.7864,-29.85798,0.6666203,0.2165854,1.123442,0.05670117,0.01876708,0.007276695,0.01461779,0.0904115,0.03370082,15.99397
7100,-36.72135,-19.2438,0.4533053,0.4103846,0.4133244,0.06190629,0.007006405,0.005819469,0.005272059,0.0001237172,0.0001845276,16.29667
7200,-25.57633,-11.45368,0.6858685,0.1052105,1.78904,0.02526282,0.08812224,0.0008163917,0.001416463,0.0005075111,0.00848793,17.00302
7300,-28.54546,-15.99356,1.244554,0.2677258,1.161237,0.01882856,0.03445993,0.05160549,0.04906201,0.001676588,0.01432537,17.89465
7400,-26.42931,-20.59981,0.390374,0.2415989,4.267953,0.06054819,0.1312007,0.002605262,0.07954004,0.00103329,0.002116287,19.24475
7500,-35.84819,-27.99405,2.474169,0.1290625,2.060766,0.05062861,0.06178816,0.02712664,0.03834194,0.03815973,0.008052186,20.85526
7600,-50.52384,-40.78162,0.622566,0.2332712,1.033623,0.01121621,0.1585483,0.01327711,0.05163454,0.02464998,0.03703035,21.11853
7700,-34.14642,-19.9653,0.5353404,0.2976761,0.3873131,0.04345752,0.08687218,0.002773532,0.02332571,0.0279537,0.003124102,21.71078
7800,-32.90109,-20.78109,1.030658,0.31551,0.9381168,0.02697446,0.0356764,0.02627843,0.08541402,0.0003070614,0.02753216,20.96951
7900,-49.61366,-37.36009,0.2401088,0.3331889,1.075684,0.006122351,0.05005161,0.02740148,0.0994705,0.003404178,0.04174827,20.44274
8000,-53.5471,-41.00594,0.8585729,0.1620228,0.792211,0.07664199,0.06306482,0.02222371,0.004637891,0.01115301,0.0335601,21.82423
8100,-44.41944,-31.54503,0.7891741,0.1939717,0.1923418,0.01741473,0.04860253,0.07831385,0.03951378,0.02130009,0.02591861,22.12988
8200,-44.83007,-30.53798,0.2161926,0.2381057,0.7187232,0.01823427,0.08593004,0.05534359,0.004664387,0.01649126,0.005577989,20.75771
8300,-32.42007,-22.82852,1.1837,0.3500887,0.8297733,0.104334,0.03518931,0.0157519,0.02300455,0.09222773,0.008050735,21.13427
8400,-48.38286,-34.61101,0.4074793,0.116315,0.5530114,0.009693883,0.03892921,0.01917052,0.009026844,0.01631097,0.1141828,20.88058
8500,-38.07041,-32.08025,0.1277791,0.1883891,4.365067,0.01252185,0.1404569,9.059169e-05,0.04664148,0.0279366,0.05471626,19.84355
8600,-54.57151,-40.84661,0.1308471,0.4297153,0.5567891,0.03009696,0.03064191,0.07066114,0.01460106,0.006537963,0.05433278,21.10717
8700,-54.10218,-40.6092,1.391136,0.1155561,0.514692,0.003552574,0.01430622,0.08014856,0.0007116856,0.004871789,0.06758691,19.56745
8800,-46.55057,-32.11533,1.2827,0.12876,0.4548516,0.02538687,0.01281434,0.04731626,0.03339879,0.01898289,0.01079359,19.17494
8900,-36.68362,-20.70387,0.7428692,0.3987805,1.032464,0.02271463,0.006324591,0.008958302,0.01545493,0.01441981,0.01720419,19.93138
9000,-30.64252,-15.41966,1.592659,0.4072983,0.6427469,0.02388263,0.01407974,0.009537052,0.01393357,0.02335793,0.001966359,18.93924
9100,-38.2119,-24.22032,0.7166948,0.1942921,1.475929,0.07487171,0.009066737,0.006383936,0.02194648,0.01446477,0.01123395,18.85984
9200,-34.94087,-22.61447,1.36033,0.4534037,1.247008,0.02295826,0.06052511,0.02127215,0.02586689,0.02470922,0.003336983,19.1448
9300,-31.95498,-17.07895,0.546092,0.1125044,1.257635,0.008567697,0.005547328,0.009577601,0.03418061,0.06487656,0.009592863,19.75792
9400,-43.67349,-30.27107,0.617428,0.190628,1.632859,0.04482491,0.005110842,0.04457516,0.004414491,0.04030039,0.01484661,19.97849
9500,-43.13528,-33.09479,1.013553,0.2708792,0.3267564,0.07402938,0.00191941,0.1074325,0.005273857,0.0874409,0.02405556,18.78377
9600,-43.79037,-32.90582,1.338053,0.1984708,0.2589119,0.06196655,0.01309233,0.004699102,0.09237313,0.08151824,0.01097287,17.33984
9700,-40.20382,-29.59142,2.08306,0.2501149,0.6672145,0.0787295,0.001012749,0.001503059,0.03637912,0.09451734,0.003733238,16.27439
9800,-31.92187,-20.16874,2.123908,0.1834834,0.405146,0.07584382,0.007426187,0.009012607,0.007757145,0.07332076,0.02006007,16.73528
9900,-65.84545,-57.17597,0.7989591,0.1802833,0.03187706,0.0819891,0.08386984,0.1112673,0.02235303,0.06917388,0.003530997,17.84726
10000,-66.69051,-57.3649,0.08107043,1.414713,0.3234447,0.1685448,0.02371567,0.002024582,0.05727759,0.04500333,0.01634085,18.12831